#! /d/a/fpga-toolchain-build/fpga-toolchain-build/iverilog/_install/bin/vvp
:ivl_version "11.0 (stable)" "(d3b0992)";
:ivl_delay_selection "TYPICAL";
:vpi_time_precision - 12;
:vpi_module "C:\PROGRA~3\CHOCOL~1\lib\iverilog\tools\lib\ivl\system.vpi";
:vpi_module "C:\PROGRA~3\CHOCOL~1\lib\iverilog\tools\lib\ivl\vhdl_sys.vpi";
:vpi_module "C:\PROGRA~3\CHOCOL~1\lib\iverilog\tools\lib\ivl\vhdl_textio.vpi";
:vpi_module "C:\PROGRA~3\CHOCOL~1\lib\iverilog\tools\lib\ivl\v2005_math.vpi";
:vpi_module "C:\PROGRA~3\CHOCOL~1\lib\iverilog\tools\lib\ivl\va_math.vpi";
S_000001ce75e92ce0 .scope module, "task1" "task1" 2 3;
 .timescale -9 -12;
    .port_info 0 /OUTPUT 32 "out";
    .port_info 1 /INPUT 1 "rd";
    .port_info 2 /INPUT 1 "wr";
    .port_info 3 /INPUT 5 "address";
    .port_info 4 /INPUT 32 "data";
    .port_info 5 /INPUT 1 "clk";
o000001ce75ec6fb8 .functor BUFZ 5, C4<zzzzz>; HiZ drive
v000001ce75e934f0_0 .net "address", 4 0, o000001ce75ec6fb8;  0 drivers
o000001ce75ec6fe8 .functor BUFZ 1, C4<z>; HiZ drive
v000001ce75e92e70_0 .net "clk", 0 0, o000001ce75ec6fe8;  0 drivers
o000001ce75ec7018 .functor BUFZ 32, C4<zzzzzzzzzzzzzzzzzzzzzzzzzzzzzzzz>; HiZ drive
v000001ce75e92f10_0 .net "data", 31 0, o000001ce75ec7018;  0 drivers
v000001ce75e92fb0 .array "memory", 0 31, 31 0;
v000001ce75e93050_0 .var "out", 31 0;
o000001ce75ec7078 .functor BUFZ 1, C4<z>; HiZ drive
v000001ce75e930f0_0 .net "rd", 0 0, o000001ce75ec7078;  0 drivers
o000001ce75ec70a8 .functor BUFZ 1, C4<z>; HiZ drive
v000001ce75f0bc20_0 .net "wr", 0 0, o000001ce75ec70a8;  0 drivers
E_000001ce7600bff0 .event posedge, v000001ce75e92e70_0;
    .scope S_000001ce75e92ce0;
T_0 ;
    %wait E_000001ce7600bff0;
    %load/vec4 v000001ce75f0bc20_0;
    %flag_set/vec4 8;
    %jmp/0xz  T_0.0, 8;
    %load/vec4 v000001ce75e92f10_0;
    %load/vec4 v000001ce75e934f0_0;
    %pad/u 7;
    %ix/vec4 3;
    %ix/load 4, 0, 0; Constant delay
    %assign/vec4/a/d v000001ce75e92fb0, 0, 4;
T_0.0 ;
    %load/vec4 v000001ce75e930f0_0;
    %flag_set/vec4 8;
    %jmp/0xz  T_0.2, 8;
    %load/vec4 v000001ce75e934f0_0;
    %pad/u 7;
    %ix/vec4 4;
    %load/vec4a v000001ce75e92fb0, 4;
    %assign/vec4 v000001ce75e93050_0, 0;
T_0.2 ;
    %jmp T_0;
    .thread T_0;
# The file index is used to find the file name in the following table.
:file_names 3;
    "N/A";
    "<interactive>";
    "task1.v";
